<?xml version="1.0" encoding="UTF-8"?>
<!-- Generated by org.testng.reporters.JUnitReportReporter -->
<testsuite hostname="Lenovo-PC" name="com.qtpselenium.framework.SuiteA.TestA1" tests="11" failures="0" timestamp="27 Aug 2015 09:50:24 GMT" time="1.075" errors="0">
  <testcase name="GetAsset_Shows_Users_Count" time="0.047" classname="com.qtpselenium.framework.SuiteA.TestA1"/>
  <testcase name="GetAssetsinShowTest" time="0.050" classname="com.qtpselenium.framework.SuiteA.TestA1"/>
  <testcase name="GetAssetsinShowTest" time="0.068" classname="com.qtpselenium.framework.SuiteA.TestA1"/>
  <testcase name="ActiveShowsCountTest" time="0.078" classname="com.qtpselenium.framework.SuiteA.TestA1"/>
  <testcase name="ActiveShowsListTest" time="0.063" classname="com.qtpselenium.framework.SuiteA.TestA1"/>
  <testcase name="SetUpDbConnection" time="0.549" classname="com.qtpselenium.framework.SuiteA.TestA1"/>
  <testcase name="CloseDbConnection" time="0.033" classname="com.qtpselenium.framework.SuiteA.TestA1"/>
  <testcase name="GetAsset_Shows_Users_Count" time="0.031" classname="com.qtpselenium.framework.SuiteA.TestA1"/>
  <testcase name="GetAssetsinShowTest" time="0.031" classname="com.qtpselenium.framework.SuiteA.TestA1"/>
  <testcase name="GetAsset_Shows_Users_Count" time="0.078" classname="com.qtpselenium.framework.SuiteA.TestA1"/>
  <testcase name="GetAsset_Shows_Users_Count" time="0.047" classname="com.qtpselenium.framework.SuiteA.TestA1"/>
</testsuite>
